2026-03-13 03:11:19,014 - api_auto - INFO - 发送POST请求: URL=https://httpbin.org/post, JSON参数={'username': 'test123', 'password': '123456'}
2026-03-13 03:11:20,540 - api_auto - INFO - POST响应: 状态码=200, 响应内容={
  "args": {}, 
  "data": "{\"username\": \"test123\", \"password\": \"123456\"}", 
  "files": {}, 
  "form": {}, 
  "headers": {
    "Accept": "*/*", 
    "Accept-Encoding": "gzip, deflate", 
    "C
2026-03-13 03:11:20,544 - api_auto - INFO - 发送POST请求: URL=https://httpbin.org/post, JSON参数={'username': '', 'password': '123456'}
2026-03-13 03:11:22,301 - api_auto - INFO - POST响应: 状态码=200, 响应内容={
  "args": {}, 
  "data": "{\"username\": \"\", \"password\": \"123456\"}", 
  "files": {}, 
  "form": {}, 
  "headers": {
    "Accept": "*/*", 
    "Accept-Encoding": "gzip, deflate", 
    "Content-
2026-03-13 03:11:22,306 - api_auto - INFO - 发送POST请求: URL=https://httpbin.org/post, JSON参数={'username': 'test123', 'password': '12345'}
2026-03-13 03:11:23,602 - api_auto - INFO - POST响应: 状态码=200, 响应内容={
  "args": {}, 
  "data": "{\"username\": \"test123\", \"password\": \"12345\"}", 
  "files": {}, 
  "form": {}, 
  "headers": {
    "Accept": "*/*", 
    "Accept-Encoding": "gzip, deflate", 
    "Co
2026-03-13 03:12:09,047 - api_auto - INFO - 发送POST请求: URL=https://httpbin.org/post, JSON参数={'username': 'test123', 'password': '123456'}
2026-03-13 03:12:10,623 - api_auto - INFO - POST响应: 状态码=200, 响应内容={
  "args": {}, 
  "data": "{\"username\": \"test123\", \"password\": \"123456\"}", 
  "files": {}, 
  "form": {}, 
  "headers": {
    "Accept": "*/*", 
    "Accept-Encoding": "gzip, deflate", 
    "C
2026-03-13 03:12:10,630 - api_auto - INFO - 发送POST请求: URL=https://httpbin.org/post, JSON参数={'username': '', 'password': '123456'}
2026-03-13 03:12:12,660 - api_auto - INFO - POST响应: 状态码=200, 响应内容={
  "args": {}, 
  "data": "{\"username\": \"\", \"password\": \"123456\"}", 
  "files": {}, 
  "form": {}, 
  "headers": {
    "Accept": "*/*", 
    "Accept-Encoding": "gzip, deflate", 
    "Content-
2026-03-13 03:12:12,662 - api_auto - INFO - 发送POST请求: URL=https://httpbin.org/post, JSON参数={'username': 'test123', 'password': '12345'}
2026-03-13 03:12:14,143 - api_auto - INFO - POST响应: 状态码=200, 响应内容={
  "args": {}, 
  "data": "{\"username\": \"test123\", \"password\": \"12345\"}", 
  "files": {}, 
  "form": {}, 
  "headers": {
    "Accept": "*/*", 
    "Accept-Encoding": "gzip, deflate", 
    "Co
2026-03-13 03:12:36,400 - api_auto - INFO - 发送POST请求: URL=https://httpbin.org/post, JSON参数={'username': 'test123', 'password': '123456'}
2026-03-13 03:12:37,887 - api_auto - INFO - POST响应: 状态码=200, 响应内容={
  "args": {}, 
  "data": "{\"username\": \"test123\", \"password\": \"123456\"}", 
  "files": {}, 
  "form": {}, 
  "headers": {
    "Accept": "*/*", 
    "Accept-Encoding": "gzip, deflate", 
    "C
2026-03-13 03:12:37,896 - api_auto - INFO - 发送POST请求: URL=https://httpbin.org/post, JSON参数={'username': '', 'password': '123456'}
2026-03-13 03:12:39,762 - api_auto - INFO - POST响应: 状态码=200, 响应内容={
  "args": {}, 
  "data": "{\"username\": \"\", \"password\": \"123456\"}", 
  "files": {}, 
  "form": {}, 
  "headers": {
    "Accept": "*/*", 
    "Accept-Encoding": "gzip, deflate", 
    "Content-
2026-03-13 03:12:39,764 - api_auto - INFO - 发送POST请求: URL=https://httpbin.org/post, JSON参数={'username': 'test123', 'password': '12345'}
2026-03-13 03:12:41,207 - api_auto - INFO - POST响应: 状态码=200, 响应内容={
  "args": {}, 
  "data": "{\"username\": \"test123\", \"password\": \"12345\"}", 
  "files": {}, 
  "form": {}, 
  "headers": {
    "Accept": "*/*", 
    "Accept-Encoding": "gzip, deflate", 
    "Co
2026-03-13 03:14:04,053 - api_auto - INFO - 发送POST请求: URL=https://httpbin.org/post, JSON参数={'username': 'test123', 'password': '123456'}
2026-03-13 03:14:05,511 - api_auto - INFO - POST响应: 状态码=200, 响应内容={
  "args": {}, 
  "data": "{\"username\": \"test123\", \"password\": \"123456\"}", 
  "files": {}, 
  "form": {}, 
  "headers": {
    "Accept": "*/*", 
    "Accept-Encoding": "gzip, deflate", 
    "C
2026-03-13 03:14:05,514 - api_auto - INFO - 发送POST请求: URL=https://httpbin.org/post, JSON参数={'username': '', 'password': '123456'}
2026-03-13 03:14:07,168 - api_auto - INFO - POST响应: 状态码=200, 响应内容={
  "args": {}, 
  "data": "{\"username\": \"\", \"password\": \"123456\"}", 
  "files": {}, 
  "form": {}, 
  "headers": {
    "Accept": "*/*", 
    "Accept-Encoding": "gzip, deflate", 
    "Content-
2026-03-13 03:14:07,171 - api_auto - INFO - 发送POST请求: URL=https://httpbin.org/post, JSON参数={'username': 'test123', 'password': '12345'}
2026-03-13 03:14:08,607 - api_auto - INFO - POST响应: 状态码=200, 响应内容={
  "args": {}, 
  "data": "{\"username\": \"test123\", \"password\": \"12345\"}", 
  "files": {}, 
  "form": {}, 
  "headers": {
    "Accept": "*/*", 
    "Accept-Encoding": "gzip, deflate", 
    "Co
2026-03-13 13:44:01,508 - api_auto - INFO - 发送POST请求: URL=https://httpbin.org/post, JSON参数={'username': 'test123', 'password': '123456'}
2026-03-13 13:44:02,837 - api_auto - INFO - POST响应: 状态码=200, 响应内容={
  "args": {}, 
  "data": "{\"username\": \"test123\", \"password\": \"123456\"}", 
  "files": {}, 
  "form": {}, 
  "headers": {
    "Accept": "*/*", 
    "Accept-Encoding": "gzip, deflate", 
    "C
2026-03-13 13:44:02,856 - api_auto - INFO - 发送POST请求: URL=https://httpbin.org/post, JSON参数={'username': '', 'password': '123456'}
2026-03-13 13:44:04,084 - api_auto - INFO - POST响应: 状态码=200, 响应内容={
  "args": {}, 
  "data": "{\"username\": \"\", \"password\": \"123456\"}", 
  "files": {}, 
  "form": {}, 
  "headers": {
    "Accept": "*/*", 
    "Accept-Encoding": "gzip, deflate", 
    "Content-
2026-03-13 13:44:04,096 - api_auto - INFO - 发送POST请求: URL=https://httpbin.org/post, JSON参数={'username': 'test123', 'password': '12345'}
2026-03-13 13:44:05,399 - api_auto - INFO - POST响应: 状态码=200, 响应内容={
  "args": {}, 
  "data": "{\"username\": \"test123\", \"password\": \"12345\"}", 
  "files": {}, 
  "form": {}, 
  "headers": {
    "Accept": "*/*", 
    "Accept-Encoding": "gzip, deflate", 
    "Co
2026-03-13 13:51:46,256 - api_auto - INFO - 发送POST请求: URL=https://httpbin.org/post, JSON参数={'username': 'test123', 'password': '123456'}
2026-03-13 13:51:47,550 - api_auto - INFO - POST响应: 状态码=200, 响应内容={
  "args": {}, 
  "data": "{\"username\": \"test123\", \"password\": \"123456\"}", 
  "files": {}, 
  "form": {}, 
  "headers": {
    "Accept": "*/*", 
    "Accept-Encoding": "gzip, deflate", 
    "C
2026-03-13 13:51:47,569 - api_auto - INFO - 发送POST请求: URL=https://httpbin.org/post, JSON参数={'username': '', 'password': '123456'}
2026-03-13 13:51:48,996 - api_auto - INFO - POST响应: 状态码=200, 响应内容={
  "args": {}, 
  "data": "{\"username\": \"\", \"password\": \"123456\"}", 
  "files": {}, 
  "form": {}, 
  "headers": {
    "Accept": "*/*", 
    "Accept-Encoding": "gzip, deflate", 
    "Content-
2026-03-13 13:51:49,014 - api_auto - INFO - 发送POST请求: URL=https://httpbin.org/post, JSON参数={'username': 'test123', 'password': '12345'}
2026-03-13 13:51:50,486 - api_auto - INFO - POST响应: 状态码=200, 响应内容={
  "args": {}, 
  "data": "{\"username\": \"test123\", \"password\": \"12345\"}", 
  "files": {}, 
  "form": {}, 
  "headers": {
    "Accept": "*/*", 
    "Accept-Encoding": "gzip, deflate", 
    "Co
2026-03-13 13:55:15,914 - api_auto - INFO - 发送POST请求: URL=https://httpbin.org/post, JSON参数={'username': 'test123', 'password': '123456'}
2026-03-13 13:55:17,231 - api_auto - INFO - POST响应: 状态码=200, 响应内容={
  "args": {}, 
  "data": "{\"username\": \"test123\", \"password\": \"123456\"}", 
  "files": {}, 
  "form": {}, 
  "headers": {
    "Accept": "*/*", 
    "Accept-Encoding": "gzip, deflate", 
    "C
2026-03-13 13:55:17,249 - api_auto - INFO - 发送POST请求: URL=https://httpbin.org/post, JSON参数={'username': '', 'password': '123456'}
2026-03-13 13:55:18,832 - api_auto - INFO - POST响应: 状态码=200, 响应内容={
  "args": {}, 
  "data": "{\"username\": \"\", \"password\": \"123456\"}", 
  "files": {}, 
  "form": {}, 
  "headers": {
    "Accept": "*/*", 
    "Accept-Encoding": "gzip, deflate", 
    "Content-
2026-03-13 13:55:18,846 - api_auto - INFO - 发送POST请求: URL=https://httpbin.org/post, JSON参数={'username': 'test123', 'password': '12345'}
2026-03-13 13:55:20,285 - api_auto - INFO - POST响应: 状态码=200, 响应内容={
  "args": {}, 
  "data": "{\"username\": \"test123\", \"password\": \"12345\"}", 
  "files": {}, 
  "form": {}, 
  "headers": {
    "Accept": "*/*", 
    "Accept-Encoding": "gzip, deflate", 
    "Co
2026-03-13 14:02:20,926 - api_auto - INFO - 发送POST请求: URL=https://httpbin.org/post, JSON参数={'username': 'test123', 'password': '123456'}
2026-03-13 14:02:22,421 - api_auto - INFO - POST响应: 状态码=200, 响应内容={
  "args": {}, 
  "data": "{\"username\": \"test123\", \"password\": \"123456\"}", 
  "files": {}, 
  "form": {}, 
  "headers": {
    "Accept": "*/*", 
    "Accept-Encoding": "gzip, deflate", 
    "C
2026-03-13 14:02:22,430 - api_auto - INFO - 发送POST请求: URL=https://httpbin.org/post, JSON参数={'username': '', 'password': '123456'}
2026-03-13 14:02:23,827 - api_auto - INFO - POST响应: 状态码=200, 响应内容={
  "args": {}, 
  "data": "{\"username\": \"\", \"password\": \"123456\"}", 
  "files": {}, 
  "form": {}, 
  "headers": {
    "Accept": "*/*", 
    "Accept-Encoding": "gzip, deflate", 
    "Content-
2026-03-13 14:02:23,838 - api_auto - INFO - 发送POST请求: URL=https://httpbin.org/post, JSON参数={'username': 'test123', 'password': '12345'}
2026-03-13 14:02:25,381 - api_auto - INFO - POST响应: 状态码=200, 响应内容={
  "args": {}, 
  "data": "{\"username\": \"test123\", \"password\": \"12345\"}", 
  "files": {}, 
  "form": {}, 
  "headers": {
    "Accept": "*/*", 
    "Accept-Encoding": "gzip, deflate", 
    "Co
2026-03-13 14:07:32,545 - api_auto - INFO - 发送POST请求: URL=https://httpbin.org/post, JSON参数={'username': 'test123', 'password': '123456'}
2026-03-13 14:07:33,924 - api_auto - INFO - POST响应: 状态码=200, 响应内容={
  "args": {}, 
  "data": "{\"username\": \"test123\", \"password\": \"123456\"}", 
  "files": {}, 
  "form": {}, 
  "headers": {
    "Accept": "*/*", 
    "Accept-Encoding": "gzip, deflate", 
    "C
2026-03-13 14:07:33,931 - api_auto - INFO - 发送POST请求: URL=https://httpbin.org/post, JSON参数={'username': '', 'password': '123456'}
2026-03-13 14:07:35,273 - api_auto - INFO - POST响应: 状态码=200, 响应内容={
  "args": {}, 
  "data": "{\"username\": \"\", \"password\": \"123456\"}", 
  "files": {}, 
  "form": {}, 
  "headers": {
    "Accept": "*/*", 
    "Accept-Encoding": "gzip, deflate", 
    "Content-
2026-03-13 14:07:35,282 - api_auto - INFO - 发送POST请求: URL=https://httpbin.org/post, JSON参数={'username': 'test123', 'password': '12345'}
2026-03-13 14:07:36,636 - api_auto - INFO - POST响应: 状态码=200, 响应内容={
  "args": {}, 
  "data": "{\"username\": \"test123\", \"password\": \"12345\"}", 
  "files": {}, 
  "form": {}, 
  "headers": {
    "Accept": "*/*", 
    "Accept-Encoding": "gzip, deflate", 
    "Co
2026-03-13 14:17:29,683 - api_auto - INFO - 发送POST请求: URL=https://httpbin.org/post, JSON参数={'username': 'test123', 'password': '123456'}
2026-03-13 14:17:31,351 - api_auto - INFO - POST响应: 状态码=200, 响应内容={
  "args": {}, 
  "data": "{\"username\": \"test123\", \"password\": \"123456\"}", 
  "files": {}, 
  "form": {}, 
  "headers": {
    "Accept": "*/*", 
    "Accept-Encoding": "gzip, deflate", 
    "C
2026-03-13 14:17:31,355 - api_auto - INFO - 发送POST请求: URL=https://httpbin.org/post, JSON参数={'username': '', 'password': '123456'}
2026-03-13 14:17:32,733 - api_auto - INFO - POST响应: 状态码=200, 响应内容={
  "args": {}, 
  "data": "{\"username\": \"\", \"password\": \"123456\"}", 
  "files": {}, 
  "form": {}, 
  "headers": {
    "Accept": "*/*", 
    "Accept-Encoding": "gzip, deflate", 
    "Content-
2026-03-13 14:17:32,737 - api_auto - INFO - 发送POST请求: URL=https://httpbin.org/post, JSON参数={'username': 'test123', 'password': '12345'}
2026-03-13 14:17:33,969 - api_auto - INFO - POST响应: 状态码=200, 响应内容={
  "args": {}, 
  "data": "{\"username\": \"test123\", \"password\": \"12345\"}", 
  "files": {}, 
  "form": {}, 
  "headers": {
    "Accept": "*/*", 
    "Accept-Encoding": "gzip, deflate", 
    "Co
2026-03-13 14:32:34,563 - api_auto - INFO - 发送POST请求：URL=https://httpbin.org/post，JSON数据={'username': 'test123', 'password': '123456'}
2026-03-13 14:32:35,945 - api_auto - INFO - POST响应：状态码=200，响应内容={
  "args": {}, 
  "data": "{\"username\": \"test123\", \"password\": \"123456\"}", 
  "files": {}, 
  "form": {}, 
  "headers": {
    "Accept": "*/*", 
    "Accept-Encoding": "gzip, deflate", 
    "C
2026-03-13 14:32:35,949 - api_auto - INFO - 发送POST请求：URL=https://httpbin.org/post，JSON数据={'username': '', 'password': '123456'}
2026-03-13 14:32:37,292 - api_auto - INFO - POST响应：状态码=200，响应内容={
  "args": {}, 
  "data": "{\"username\": \"\", \"password\": \"123456\"}", 
  "files": {}, 
  "form": {}, 
  "headers": {
    "Accept": "*/*", 
    "Accept-Encoding": "gzip, deflate", 
    "Content-
2026-03-13 14:32:37,296 - api_auto - INFO - 发送POST请求：URL=https://httpbin.org/post，JSON数据={'username': 'test123', 'password': '12345'}
2026-03-13 14:32:38,749 - api_auto - INFO - POST响应：状态码=200，响应内容={
  "args": {}, 
  "data": "{\"username\": \"test123\", \"password\": \"12345\"}", 
  "files": {}, 
  "form": {}, 
  "headers": {
    "Accept": "*/*", 
    "Accept-Encoding": "gzip, deflate", 
    "Co
2026-03-13 22:03:49,262 - api_auto - INFO - 发送POST请求：URL=https://httpbin.org/post，JSON数据={'username': 'test123', 'password': '123456'}
2026-03-13 22:03:51,791 - api_auto - INFO - POST响应：状态码=200，响应内容={
  "args": {}, 
  "data": "{\"username\": \"test123\", \"password\": \"123456\"}", 
  "files": {}, 
  "form": {}, 
  "headers": {
    "Accept": "*/*", 
    "Accept-Encoding": "gzip, deflate", 
    "C
2026-03-13 22:03:51,817 - api_auto - INFO - 发送POST请求：URL=https://httpbin.org/post，JSON数据={'username': '', 'password': '123456'}
2026-03-13 22:03:53,121 - api_auto - INFO - POST响应：状态码=200，响应内容={
  "args": {}, 
  "data": "{\"username\": \"\", \"password\": \"123456\"}", 
  "files": {}, 
  "form": {}, 
  "headers": {
    "Accept": "*/*", 
    "Accept-Encoding": "gzip, deflate", 
    "Content-
2026-03-13 22:03:53,141 - api_auto - INFO - 发送POST请求：URL=https://httpbin.org/post，JSON数据={'username': 'test123', 'password': '12345'}
2026-03-13 22:03:54,435 - api_auto - INFO - POST响应：状态码=200，响应内容={
  "args": {}, 
  "data": "{\"username\": \"test123\", \"password\": \"12345\"}", 
  "files": {}, 
  "form": {}, 
  "headers": {
    "Accept": "*/*", 
    "Accept-Encoding": "gzip, deflate", 
    "Co
2026-03-13 22:03:54,445 - api_auto - INFO - 发送POST请求：URL=https://httpbin.org/post，JSON数据={'username': 'test1234567890123', 'password': '123456'}
2026-03-13 22:03:55,694 - api_auto - INFO - POST响应：状态码=200，响应内容={
  "args": {}, 
  "data": "{\"username\": \"test1234567890123\", \"password\": \"123456\"}", 
  "files": {}, 
  "form": {}, 
  "headers": {
    "Accept": "*/*", 
    "Accept-Encoding": "gzip, deflate
2026-03-13 22:03:55,711 - api_auto - INFO - 发送POST请求：URL=https://httpbin.org/post，JSON数据={'username': 'test123', 'password': ''}
2026-03-13 22:03:57,488 - api_auto - INFO - POST响应：状态码=200，响应内容={
  "args": {}, 
  "data": "{\"username\": \"test123\", \"password\": \"\"}", 
  "files": {}, 
  "form": {}, 
  "headers": {
    "Accept": "*/*", 
    "Accept-Encoding": "gzip, deflate", 
    "Content
2026-03-13 22:08:25,836 - api_auto - INFO - 发送POST请求：URL=https://httpbin.org/post，JSON数据={'username': 'test123', 'password': '123456'}
2026-03-13 22:08:27,611 - api_auto - INFO - POST响应：状态码=200，响应内容={
  "args": {}, 
  "data": "{\"username\": \"test123\", \"password\": \"123456\"}", 
  "files": {}, 
  "form": {}, 
  "headers": {
    "Accept": "*/*", 
    "Accept-Encoding": "gzip, deflate", 
    "C
2026-03-13 22:08:27,629 - api_auto - INFO - 发送POST请求：URL=https://httpbin.org/post，JSON数据={'username': '', 'password': '123456'}
2026-03-13 22:08:29,079 - api_auto - INFO - POST响应：状态码=200，响应内容={
  "args": {}, 
  "data": "{\"username\": \"\", \"password\": \"123456\"}", 
  "files": {}, 
  "form": {}, 
  "headers": {
    "Accept": "*/*", 
    "Accept-Encoding": "gzip, deflate", 
    "Content-
2026-03-13 22:08:29,088 - api_auto - INFO - 发送POST请求：URL=https://httpbin.org/post，JSON数据={'username': 'test123', 'password': '12345'}
2026-03-13 22:08:30,513 - api_auto - INFO - POST响应：状态码=200，响应内容={
  "args": {}, 
  "data": "{\"username\": \"test123\", \"password\": \"12345\"}", 
  "files": {}, 
  "form": {}, 
  "headers": {
    "Accept": "*/*", 
    "Accept-Encoding": "gzip, deflate", 
    "Co
2026-03-13 22:08:30,527 - api_auto - INFO - 发送POST请求：URL=https://httpbin.org/post，JSON数据={'username': 'test1234567890123', 'password': '123456'}
2026-03-13 22:08:31,834 - api_auto - INFO - POST响应：状态码=200，响应内容={
  "args": {}, 
  "data": "{\"username\": \"test1234567890123\", \"password\": \"123456\"}", 
  "files": {}, 
  "form": {}, 
  "headers": {
    "Accept": "*/*", 
    "Accept-Encoding": "gzip, deflate
2026-03-13 22:08:31,861 - api_auto - INFO - 发送POST请求：URL=https://httpbin.org/post，JSON数据={'username': 'test123', 'password': ''}
2026-03-13 22:08:33,415 - api_auto - INFO - POST响应：状态码=200，响应内容={
  "args": {}, 
  "data": "{\"username\": \"test123\", \"password\": \"\"}", 
  "files": {}, 
  "form": {}, 
  "headers": {
    "Accept": "*/*", 
    "Accept-Encoding": "gzip, deflate", 
    "Content
2026-03-13 22:16:23,486 - api_auto - INFO - 发送POST请求：URL=https://httpbin.org/post，JSON数据={'username': 'test123', 'password': '123456'}
2026-03-13 22:16:25,367 - api_auto - INFO - POST响应：状态码=200，响应内容={
  "args": {}, 
  "data": "{\"username\": \"test123\", \"password\": \"123456\"}", 
  "files": {}, 
  "form": {}, 
  "headers": {
    "Accept": "*/*", 
    "Accept-Encoding": "gzip, deflate", 
    "C
2026-03-13 22:16:25,388 - api_auto - INFO - 发送POST请求：URL=https://httpbin.org/post，JSON数据={'username': '', 'password': '123456'}
2026-03-13 22:16:26,818 - api_auto - INFO - POST响应：状态码=200，响应内容={
  "args": {}, 
  "data": "{\"username\": \"\", \"password\": \"123456\"}", 
  "files": {}, 
  "form": {}, 
  "headers": {
    "Accept": "*/*", 
    "Accept-Encoding": "gzip, deflate", 
    "Content-
2026-03-13 22:16:26,827 - api_auto - INFO - 发送POST请求：URL=https://httpbin.org/post，JSON数据={'username': 'test123', 'password': '12345'}
2026-03-13 22:16:28,094 - api_auto - INFO - POST响应：状态码=200，响应内容={
  "args": {}, 
  "data": "{\"username\": \"test123\", \"password\": \"12345\"}", 
  "files": {}, 
  "form": {}, 
  "headers": {
    "Accept": "*/*", 
    "Accept-Encoding": "gzip, deflate", 
    "Co
2026-03-13 22:16:28,107 - api_auto - INFO - 发送POST请求：URL=https://httpbin.org/post，JSON数据={'username': 'test1234567890123', 'password': '123456'}
2026-03-13 22:16:29,393 - api_auto - INFO - POST响应：状态码=200，响应内容={
  "args": {}, 
  "data": "{\"username\": \"test1234567890123\", \"password\": \"123456\"}", 
  "files": {}, 
  "form": {}, 
  "headers": {
    "Accept": "*/*", 
    "Accept-Encoding": "gzip, deflate
2026-03-13 22:16:29,416 - api_auto - INFO - 发送POST请求：URL=https://httpbin.org/post，JSON数据={'username': 'test123', 'password': ''}
2026-03-13 22:16:30,799 - api_auto - INFO - POST响应：状态码=200，响应内容={
  "args": {}, 
  "data": "{\"username\": \"test123\", \"password\": \"\"}", 
  "files": {}, 
  "form": {}, 
  "headers": {
    "Accept": "*/*", 
    "Accept-Encoding": "gzip, deflate", 
    "Content
